{"C:\\Users\\lipeihan\\Desktop\\rollup\\src\\math.js":{"path":"C:\\Users\\lipeihan\\Desktop\\rollup\\src\\math.js","s":{"1":1,"2":2,"3":2,"4":1,"5":1},"b":{},"f":{"1":2,"2":1},"fnMap":{"1":{"name":"(anonymous_1)","line":2,"loc":{"start":{"line":2,"column":7},"end":{"line":2,"column":17}}},"2":{"name":"(anonymous_2)","line":7,"loc":{"start":{"line":7,"column":7},"end":{"line":7,"column":17}}}},"statementMap":{"1":{"start":{"line":1,"column":0},"end":{"line":12,"column":2}},"2":{"start":{"line":3,"column":8},"end":{"line":5,"column":11}},"3":{"start":{"line":4,"column":12},"end":{"line":4,"column":30}},"4":{"start":{"line":8,"column":8},"end":{"line":10,"column":11}},"5":{"start":{"line":9,"column":12},"end":{"line":9,"column":30}}},"branchMap":{}}}